[0.108s] Invoking command in '/home/waverunner/Waverunner_Code/WaveRunner2021/build/turtlesim': CMAKE_PREFIX_PATH=/opt/ros/dashing /usr/bin/cmake /home/waverunner/Waverunner_Code/WaveRunner2021/dev_ws/src/ros_tutorials/turtlesim -DCMAKE_INSTALL_PREFIX=/home/waverunner/Waverunner_Code/WaveRunner2021/install/turtlesim
[0.982s] -- The C compiler identification is GNU 7.5.0
[1.722s] -- The CXX compiler identification is GNU 7.5.0
[1.789s] -- Check for working C compiler: /usr/bin/cc
[2.340s] -- Check for working C compiler: /usr/bin/cc -- works
[2.349s] -- Detecting C compiler ABI info
[2.927s] -- Detecting C compiler ABI info - done
[2.974s] -- Detecting C compile features
[4.485s] -- Detecting C compile features - done
[4.534s] -- Check for working CXX compiler: /usr/bin/c++
[5.052s] -- Check for working CXX compiler: /usr/bin/c++ -- works
[5.064s] -- Detecting CXX compiler ABI info
[5.761s] -- Detecting CXX compiler ABI info - done
[5.825s] -- Detecting CXX compile features
[8.886s] -- Detecting CXX compile features - done
[8.945s] -- Found ament_cmake: 0.7.6 (/opt/ros/dashing/share/ament_cmake/cmake)
[9.155s] -- Found PythonInterp: /usr/bin/python3 (found suitable version "3.6.9", minimum required is "3") 
[9.159s] -- Using PYTHON_EXECUTABLE: /usr/bin/python3
[11.132s] -- Found ament_index_cpp: 0.7.2 (/opt/ros/dashing/share/ament_index_cpp/cmake)
[11.164s] -- Found geometry_msgs: 0.7.0 (/opt/ros/dashing/share/geometry_msgs/cmake)
[11.304s] -- Found rosidl_adapter: 0.7.10 (/opt/ros/dashing/share/rosidl_adapter/cmake)
[11.782s] -- Found rclcpp: 0.7.15 (/opt/ros/dashing/share/rclcpp/cmake)
[11.899s] -- Found rmw_implementation_cmake: 0.7.2 (/opt/ros/dashing/share/rmw_implementation_cmake/cmake)
[11.911s] -- Using RMW implementation 'rmw_fastrtps_cpp' as default
[11.918s] -- Looking for pthread.h
[12.350s] -- Looking for pthread.h - found
[12.357s] -- Looking for pthread_create
[12.777s] -- Looking for pthread_create - not found
[12.780s] -- Looking for pthread_create in pthreads
[13.172s] -- Looking for pthread_create in pthreads - not found
[13.173s] -- Looking for pthread_create in pthread
[13.573s] -- Looking for pthread_create in pthread - found
[13.585s] -- Found Threads: TRUE  
[13.830s] -- Found rclcpp_action: 0.7.15 (/opt/ros/dashing/share/rclcpp_action/cmake)
[14.222s] -- Found rosidl_default_generators: 0.7.0 (/opt/ros/dashing/share/rosidl_default_generators/cmake)
[14.739s] -- Found OpenSSL: /usr/lib/aarch64-linux-gnu/libcrypto.so (found version "1.1.1") 
[14.903s] -- Found FastRTPS: /opt/ros/dashing/include  
[15.413s] -- Found PrismTech OpenSplice: /usr/share/opensplice/cmake
[15.627s] -- Found std_srvs: 0.7.0 (/opt/ros/dashing/share/std_srvs/cmake)
[15.844s] -- Found PythonInterp: /usr/bin/python3 (found version "3.6.9") 
[17.805s] -- Using all available rosidl_typesupport_c: rosidl_typesupport_fastrtps_c;rosidl_typesupport_introspection_c;rosidl_typesupport_opensplice_c
[17.899s] -- Using all available rosidl_typesupport_cpp: rosidl_typesupport_fastrtps_cpp;rosidl_typesupport_introspection_cpp;rosidl_typesupport_opensplice_cpp
[19.358s] -- Found PythonInterp: /usr/bin/python3 (found suitable version "3.6.9", minimum required is "3.5") 
[19.373s] -- Found python_cmake_module: 0.7.11 (/opt/ros/dashing/share/python_cmake_module/cmake)
[19.567s] -- Found PythonLibs: /usr/lib/aarch64-linux-gnu/libpython3.6m.so (found suitable version "3.6.9", minimum required is "3.5") 
[19.568s] -- Using PYTHON_EXECUTABLE: /usr/bin/python3
[19.569s] -- Using PYTHON_INCLUDE_DIRS: /usr/include/python3.6m
[19.570s] -- Using PYTHON_LIBRARIES: /usr/lib/aarch64-linux-gnu/libpython3.6m.so
[19.737s] -- Found PythonExtra: .so  
[22.092s] -- Configuring done
[24.007s] -- Generating done
[24.039s] -- Build files have been written to: /home/waverunner/Waverunner_Code/WaveRunner2021/build/turtlesim
[24.081s] Invoked command in '/home/waverunner/Waverunner_Code/WaveRunner2021/build/turtlesim' returned '0': CMAKE_PREFIX_PATH=/opt/ros/dashing /usr/bin/cmake /home/waverunner/Waverunner_Code/WaveRunner2021/dev_ws/src/ros_tutorials/turtlesim -DCMAKE_INSTALL_PREFIX=/home/waverunner/Waverunner_Code/WaveRunner2021/install/turtlesim
[24.102s] Invoking command in '/home/waverunner/Waverunner_Code/WaveRunner2021/build/turtlesim': CMAKE_PREFIX_PATH=/opt/ros/dashing /usr/bin/cmake --build /home/waverunner/Waverunner_Code/WaveRunner2021/build/turtlesim -- -j2 -l2
[24.735s] [35m[1mScanning dependencies of target turtlesim__cpp[0m
[24.788s] [  1%] [34m[1mGenerating C code for ROS interfaces[0m
[24.821s] [  1%] [34m[1mGenerating C++ code for ROS interfaces[0m
[36.215s] make[2]: *** Deleting file 'rosidl_generator_cpp/turtlesim/action/rotate_absolute.hpp'
[36.219s] make[2]: *** Deleting file 'rosidl_generator_c/turtlesim/action/rotate_absolute.h'
[36.222s] Traceback (most recent call last):
[36.224s]   File "/opt/ros/dashing/share/rosidl_generator_cpp/cmake/../../../lib/rosidl_generator_cpp/rosidl_generator_cpp", line 40, in <module>
[36.229s]     sys.exit(main())
[36.229s]   File "/opt/ros/dashing/share/rosidl_generator_cpp/cmake/../../../lib/rosidl_generator_cpp/rosidl_generator_cpp", line 35, in main
[36.230s]     args.generator_arguments_file,
[36.231s]   File "/opt/ros/dashing/lib/python3.6/site-packages/rosidl_generator_cpp/__init__.py", line 37, in generate_cpp
[36.232s]     generate_files(generator_arguments_file, mapping)
[36.233s]   File "/opt/ros/dashing/lib/python3.6/site-packages/rosidl_cmake/__init__.py", line 70, in generate_files
[36.243s] Traceback (most recent call last):
[36.247s]     idl_file = parse_idl_file(locator)
[36.248s]   File "/opt/ros/dashing/lib/python3.6/site-packages/rosidl_parser/parser.py", line 64, in parse_idl_file
[36.249s]   File "/opt/ros/dashing/share/rosidl_generator_c/cmake/../../../lib/rosidl_generator_c/rosidl_generator_c", line 40, in <module>
[36.250s]     content = parse_idl_string(string, png_file=png_file)
[36.251s]   File "/opt/ros/dashing/lib/python3.6/site-packages/rosidl_parser/parser.py", line 72, in parse_idl_string
[36.251s]     tree = get_ast_from_idl_string(idl_string)
[36.252s]   File "/opt/ros/dashing/lib/python3.6/site-packages/rosidl_parser/parser.py", line 89, in get_ast_from_idl_string
[36.253s]     return _parser.parse(idl_string)
[36.254s]   File "/usr/lib/python3/dist-packages/lark/lark.py", line 306, in parse
[36.257s]     sys.exit(main())
[36.272s]   File "/opt/ros/dashing/share/rosidl_generator_c/cmake/../../../lib/rosidl_generator_c/rosidl_generator_c", line 35, in main
[36.272s]     args.generator_arguments_file,
[36.273s]   File "/opt/ros/dashing/lib/python3.6/site-packages/rosidl_generator_c/__init__.py", line 37, in generate_c
[36.274s]     generate_files(generator_arguments_file, mapping)
[36.275s]   File "/opt/ros/dashing/lib/python3.6/site-packages/rosidl_cmake/__init__.py", line 70, in generate_files
[36.275s]     return self.parser.parse(text, start=start)
[36.276s]   File "/usr/lib/python3/dist-packages/lark/parser_frontends.py", line 182, in parse
[36.277s]     idl_file = parse_idl_file(locator)
[36.282s]   File "/opt/ros/dashing/lib/python3.6/site-packages/rosidl_parser/parser.py", line 64, in parse_idl_file
[36.283s]     return self._parse(text, start)
[36.284s]   File "/usr/lib/python3/dist-packages/lark/parser_frontends.py", line 54, in _parse
[36.285s]     return self.parser.parse(input, start, *args)
[36.286s]   File "/usr/lib/python3/dist-packages/lark/parsers/earley.py", line 293, in parse
[36.287s]     content = parse_idl_string(string, png_file=png_file)
[36.295s]   File "/opt/ros/dashing/lib/python3.6/site-packages/rosidl_parser/parser.py", line 72, in parse_idl_string
[36.296s]     self._parse(stream, columns, to_scan, start_symbol)
[36.297s]   File "/usr/lib/python3/dist-packages/lark/parsers/xearley.py", line 137, in _parse
[36.298s]     tree = get_ast_from_idl_string(idl_string)
[36.299s]   File "/opt/ros/dashing/lib/python3.6/site-packages/rosidl_parser/parser.py", line 89, in get_ast_from_idl_string
[36.300s]     to_scan = scan(i, to_scan)
[36.300s] KeyboardInterrupt
[36.301s]     return _parser.parse(idl_string)
[36.302s]   File "/usr/lib/python3/dist-packages/lark/lark.py", line 306, in parse
[36.310s]     return self.parser.parse(text, start=start)
[36.312s]   File "/usr/lib/python3/dist-packages/lark/parser_frontends.py", line 182, in parse
[36.313s]     return self._parse(text, start)
[36.313s]   File "/usr/lib/python3/dist-packages/lark/parser_frontends.py", line 54, in _parse
[36.314s]     return self.parser.parse(input, start, *args)
[36.315s]   File "/usr/lib/python3/dist-packages/lark/parsers/earley.py", line 293, in parse
[36.316s]     self._parse(stream, columns, to_scan, start_symbol)
[36.317s]   File "/usr/lib/python3/dist-packages/lark/parsers/xearley.py", line 135, in _parse
[36.318s]     self.predict_and_complete(i, to_scan, columns, transitives)
[36.327s]   File "/usr/lib/python3/dist-packages/lark/parsers/earley.py", line 131, in predict_and_complete
[36.333s]     new_item = Item(rule, 0, i)
[36.334s]   File "/usr/lib/python3/dist-packages/lark/parsers/earley_common.py", line 36, in __init__
[36.343s]     self._hash = hash((self.s, self.start))
[36.344s] KeyboardInterrupt
[36.416s] CMakeFiles/turtlesim__rosidl_generator_c.dir/build.make:88: recipe for target 'rosidl_generator_c/turtlesim/action/rotate_absolute.h' failed
[36.419s] make[2]: *** [rosidl_generator_c/turtlesim/action/rotate_absolute.h] Error 1
[36.421s] CMakeFiles/Makefile2:179: recipe for target 'CMakeFiles/turtlesim__rosidl_generator_c.dir/all' failed
[36.422s] make[1]: *** [CMakeFiles/turtlesim__rosidl_generator_c.dir/all] Interrupt
[36.450s] CMakeFiles/turtlesim__cpp.dir/build.make:107: recipe for target 'rosidl_generator_cpp/turtlesim/action/rotate_absolute.hpp' failed
[36.451s] make[2]: *** [rosidl_generator_cpp/turtlesim/action/rotate_absolute.hpp] Error 1
[36.465s] make[1]: *** [CMakeFiles/turtlesim__cpp.dir/all] Interrupt
[36.466s] make: *** [all] Interrupt
[36.475s] CMakeFiles/Makefile2:545: recipe for target 'CMakeFiles/turtlesim__cpp.dir/all' failed
[36.479s] Makefile:140: recipe for target 'all' failed
[36.487s] Invoked command in '/home/waverunner/Waverunner_Code/WaveRunner2021/build/turtlesim' returned '-2': CMAKE_PREFIX_PATH=/opt/ros/dashing /usr/bin/cmake --build /home/waverunner/Waverunner_Code/WaveRunner2021/build/turtlesim -- -j2 -l2
