[0.000000] (-) TimerEvent: {}
[0.005900] (message_pkg) JobQueued: {'identifier': 'message_pkg', 'dependencies': OrderedDict()}
[0.006209] (waverunner_package) JobQueued: {'identifier': 'waverunner_package', 'dependencies': OrderedDict([('message_pkg', '/home/waverunner/Waverunner_Code/WaveRunner2021/dev_workspace/install/message_pkg')])}
[0.006443] (message_pkg) JobStarted: {'identifier': 'message_pkg'}
[0.086750] (message_pkg) JobProgress: {'identifier': 'message_pkg', 'progress': 'cmake'}
[0.087152] (-) TimerEvent: {}
[0.095507] (message_pkg) JobProgress: {'identifier': 'message_pkg', 'progress': 'build'}
[0.101000] (message_pkg) Command: {'cmd': ['/usr/bin/cmake', '--build', '/home/waverunner/Waverunner_Code/WaveRunner2021/dev_workspace/build/message_pkg', '--', '-j2', '-l2'], 'cwd': '/home/waverunner/Waverunner_Code/WaveRunner2021/dev_workspace/build/message_pkg', 'env': OrderedDict([('LESSOPEN', '| /usr/bin/lesspipe %s'), ('MAIL', '/var/mail/waverunner'), ('USER', 'waverunner'), ('SSH_CLIENT', '192.168.0.107 56371 22'), ('LC_TIME', 'sv_SE.UTF-8'), ('OSPL_INFOFILE', '<stdout>'), ('GIT_ASKPASS', '/home/waverunner/.vscode-server-insiders/bin/b4816cfd1f4161a3bb272354d181a9947760ee26/extensions/git/dist/askpass.sh'), ('LD_LIBRARY_PATH', '/opt/ros/dashing/opt/yaml_cpp_vendor/lib:/opt/ros/dashing/opt/rviz_ogre_vendor/lib:/usr/lib:/opt/ros/dashing/lib'), ('BROWSER', '/home/waverunner/.vscode-server-insiders/bin/b4816cfd1f4161a3bb272354d181a9947760ee26/bin/helpers/browser.sh'), ('SHLVL', '4'), ('OLDPWD', '/home/waverunner/Waverunner_Code/WaveRunner2021'), ('OSPL_URI', 'file:///opt/ros/dashing/share/opensplice_cmake_module/config/ros_ospl.xml'), ('HOME', '/home/waverunner'), ('TERM_PROGRAM_VERSION', '1.56.0-insider'), ('VSCODE_IPC_HOOK_CLI', '/run/user/1000/vscode-ipc-0b02cd96-1d09-4c2b-81be-a34c8d0b6438.sock'), ('OSPL_VERBOSITY', '2'), ('VSCODE_GIT_ASKPASS_MAIN', '/home/waverunner/.vscode-server-insiders/bin/b4816cfd1f4161a3bb272354d181a9947760ee26/extensions/git/dist/askpass-main.js'), ('ROS_PYTHON_VERSION', '3'), ('LC_MONETARY', 'sv_SE.UTF-8'), ('VSCODE_GIT_ASKPASS_NODE', '/home/waverunner/.vscode-server-insiders/bin/b4816cfd1f4161a3bb272354d181a9947760ee26/node'), ('DBUS_SESSION_BUS_ADDRESS', 'unix:path=/run/user/1000/bus'), ('OSPL_TMPL_PATH', '/usr/etc/opensplice/idlpp'), ('COLORTERM', 'truecolor'), ('_colcon_cd_root', '/home/waverunner/ros2_install'), ('ROS_DISTRO', 'dashing'), ('LOGNAME', 'waverunner'), ('_', '/usr/bin/colcon'), ('ROS_VERSION', '2'), ('XDG_SESSION_ID', '16'), ('TERM', 'xterm-256color'), ('OSPL_ERRORFILE', '<stderr>'), ('PATH', '/home/waverunner/.vscode-server-insiders/bin/b4816cfd1f4161a3bb272354d181a9947760ee26/bin:/home/waverunner/.local/bin:/opt/ros/dashing/bin:/home/waverunner/.vscode-server-insiders/bin/b4816cfd1f4161a3bb272354d181a9947760ee26/bin:/usr/local/sbin:/usr/local/bin:/usr/sbin:/usr/bin:/sbin:/bin:/usr/games:/usr/local/games:/snap/bin'), ('LC_ADDRESS', 'sv_SE.UTF-8'), ('XDG_RUNTIME_DIR', '/run/user/1000'), ('LANG', 'en_US.UTF-8'), ('OSPL_HOME', '/usr'), ('LC_TELEPHONE', 'sv_SE.UTF-8'), ('LS_COLORS', 'rs=0:di=01;34:ln=01;36:mh=00:pi=40;33:so=01;35:do=01;35:bd=40;33;01:cd=40;33;01:or=40;31;01:mi=00:su=37;41:sg=30;43:ca=30;41:tw=30;42:ow=34;42:st=37;44:ex=01;32:*.tar=01;31:*.tgz=01;31:*.arc=01;31:*.arj=01;31:*.taz=01;31:*.lha=01;31:*.lz4=01;31:*.lzh=01;31:*.lzma=01;31:*.tlz=01;31:*.txz=01;31:*.tzo=01;31:*.t7z=01;31:*.zip=01;31:*.z=01;31:*.Z=01;31:*.dz=01;31:*.gz=01;31:*.lrz=01;31:*.lz=01;31:*.lzo=01;31:*.xz=01;31:*.zst=01;31:*.tzst=01;31:*.bz2=01;31:*.bz=01;31:*.tbz=01;31:*.tbz2=01;31:*.tz=01;31:*.deb=01;31:*.rpm=01;31:*.jar=01;31:*.war=01;31:*.ear=01;31:*.sar=01;31:*.rar=01;31:*.alz=01;31:*.ace=01;31:*.zoo=01;31:*.cpio=01;31:*.7z=01;31:*.rz=01;31:*.cab=01;31:*.wim=01;31:*.swm=01;31:*.dwm=01;31:*.esd=01;31:*.jpg=01;35:*.jpeg=01;35:*.mjpg=01;35:*.mjpeg=01;35:*.gif=01;35:*.bmp=01;35:*.pbm=01;35:*.pgm=01;35:*.ppm=01;35:*.tga=01;35:*.xbm=01;35:*.xpm=01;35:*.tif=01;35:*.tiff=01;35:*.png=01;35:*.svg=01;35:*.svgz=01;35:*.mng=01;35:*.pcx=01;35:*.mov=01;35:*.mpg=01;35:*.mpeg=01;35:*.m2v=01;35:*.mkv=01;35:*.webm=01;35:*.ogm=01;35:*.mp4=01;35:*.m4v=01;35:*.mp4v=01;35:*.vob=01;35:*.qt=01;35:*.nuv=01;35:*.wmv=01;35:*.asf=01;35:*.rm=01;35:*.rmvb=01;35:*.flc=01;35:*.avi=01;35:*.fli=01;35:*.flv=01;35:*.gl=01;35:*.dl=01;35:*.xcf=01;35:*.xwd=01;35:*.yuv=01;35:*.cgm=01;35:*.emf=01;35:*.ogv=01;35:*.ogx=01;35:*.aac=00;36:*.au=00;36:*.flac=00;36:*.m4a=00;36:*.mid=00;36:*.midi=00;36:*.mka=00;36:*.mp3=00;36:*.mpc=00;36:*.ogg=00;36:*.ra=00;36:*.wav=00;36:*.oga=00;36:*.opus=00;36:*.spx=00;36:*.xspf=00;36:'), ('TERM_PROGRAM', 'vscode'), ('VSCODE_GIT_IPC_HANDLE', '/run/user/1000/vscode-git-4a53c42ffe.sock'), ('AMENT_PREFIX_PATH', '/opt/ros/dashing'), ('ROS_DOMAIN_ID', '0'), ('LC_NAME', 'sv_SE.UTF-8'), ('SHELL', '/bin/bash'), ('LESSCLOSE', '/usr/bin/lesspipe %s %s'), ('LC_MEASUREMENT', 'sv_SE.UTF-8'), ('LC_IDENTIFICATION', 'sv_SE.UTF-8'), ('LC_ALL', 'en_US.UTF-8'), ('PWD', '/home/waverunner/Waverunner_Code/WaveRunner2021/dev_workspace/build/message_pkg'), ('SSH_CONNECTION', '192.168.0.107 56371 192.168.0.115 22'), ('XDG_DATA_DIRS', '/usr/local/share:/usr/share:/var/lib/snapd/desktop'), ('LC_NUMERIC', 'sv_SE.UTF-8'), ('PYTHONPATH', '/opt/ros/dashing/lib/python3.6/site-packages'), ('LC_PAPER', 'sv_SE.UTF-8'), ('COLCON', '1'), ('CMAKE_PREFIX_PATH', '/opt/ros/dashing')]), 'shell': False}
[0.187496] (-) TimerEvent: {}
[0.277651] (message_pkg) StdoutLine: {'line': b'-- Found ament_cmake: 0.7.6 (/opt/ros/dashing/share/ament_cmake/cmake)\n'}
[0.287683] (-) TimerEvent: {}
[0.388754] (-) TimerEvent: {}
[0.448221] (message_pkg) StdoutLine: {'line': b'-- Found PythonInterp: /usr/bin/python3 (found suitable version "3.6.9", minimum required is "3") \n'}
[0.452877] (message_pkg) StdoutLine: {'line': b'-- Using PYTHON_EXECUTABLE: /usr/bin/python3\n'}
[0.489018] (-) TimerEvent: {}
[0.593022] (-) TimerEvent: {}
[0.695378] (-) TimerEvent: {}
[0.797069] (-) TimerEvent: {}
[0.900644] (-) TimerEvent: {}
[1.002277] (-) TimerEvent: {}
[1.107050] (-) TimerEvent: {}
[1.209698] (-) TimerEvent: {}
[1.314444] (-) TimerEvent: {}
[1.419581] (-) TimerEvent: {}
[1.522021] (-) TimerEvent: {}
[1.626048] (-) TimerEvent: {}
[1.730426] (-) TimerEvent: {}
[1.832955] (-) TimerEvent: {}
[1.935807] (-) TimerEvent: {}
[2.038145] (-) TimerEvent: {}
[2.132691] (message_pkg) StdoutLine: {'line': b'-- Found ament_lint_auto: 0.7.12 (/opt/ros/dashing/share/ament_lint_auto/cmake)\n'}
[2.138337] (-) TimerEvent: {}
[2.241907] (-) TimerEvent: {}
[2.344002] (-) TimerEvent: {}
[2.446144] (-) TimerEvent: {}
[2.548897] (-) TimerEvent: {}
[2.569998] (message_pkg) StdoutLine: {'line': b'-- Found rosidl_default_generators: 0.7.0 (/opt/ros/dashing/share/rosidl_default_generators/cmake)\n'}
[2.649177] (-) TimerEvent: {}
[2.751461] (-) TimerEvent: {}
[2.856305] (-) TimerEvent: {}
[2.958445] (-) TimerEvent: {}
[3.013978] (message_pkg) StdoutLine: {'line': b'-- Found rosidl_adapter: 0.7.10 (/opt/ros/dashing/share/rosidl_adapter/cmake)\n'}
[3.058655] (-) TimerEvent: {}
[3.162418] (-) TimerEvent: {}
[3.267215] (-) TimerEvent: {}
[3.372008] (-) TimerEvent: {}
[3.414909] (message_pkg) StdoutLine: {'line': b'-- Found PrismTech OpenSplice: /usr/share/opensplice/cmake\n'}
[3.472276] (-) TimerEvent: {}
[3.575135] (-) TimerEvent: {}
[3.677106] (-) TimerEvent: {}
[3.751594] (message_pkg) StdoutLine: {'line': b'-- Found PythonInterp: /usr/bin/python3 (found version "3.6.9") \n'}
[3.777367] (-) TimerEvent: {}
[3.880959] (-) TimerEvent: {}
[3.982606] (-) TimerEvent: {}
[4.084835] (-) TimerEvent: {}
[4.187729] (-) TimerEvent: {}
[4.290106] (-) TimerEvent: {}
[4.394429] (-) TimerEvent: {}
[4.498254] (-) TimerEvent: {}
[4.616062] (-) TimerEvent: {}
[4.626526] (message_pkg) StderrLine: {'line': b'CMake Error at /opt/ros/dashing/share/rosidl_adapter/cmake/rosidl_adapt_interfaces.cmake:60 (message):\n'}
[4.627603] (message_pkg) StderrLine: {'line': b'  execute_process(/usr/bin/python3 -m rosidl_adapter --package-name\n'}
[4.628322] (message_pkg) StderrLine: {'line': b'  message_pkg --arguments-file\n'}
[4.629000] (message_pkg) StderrLine: {'line': b'  /home/waverunner/Waverunner_Code/WaveRunner2021/dev_workspace/build/message_pkg/rosidl_adapter__arguments__message_pkg.json\n'}
[4.632890] (message_pkg) StderrLine: {'line': b'  --output-dir\n'}
[4.633876] (message_pkg) StderrLine: {'line': b'  /home/waverunner/Waverunner_Code/WaveRunner2021/dev_workspace/build/message_pkg/rosidl_adapter/message_pkg\n'}
[4.634610] (message_pkg) StderrLine: {'line': b'  --output-file\n'}
[4.638703] (message_pkg) StderrLine: {'line': b'  /home/waverunner/Waverunner_Code/WaveRunner2021/dev_workspace/build/message_pkg/rosidl_adapter/message_pkg.idls)\n'}
[4.639527] (message_pkg) StderrLine: {'line': b'  returned error code 1:\n'}
[4.640314] (message_pkg) StderrLine: {'line': b'\n'}
[4.641106] (message_pkg) StderrLine: {'line': b"  Error processing 'int64[] servoValue' of 'message_pkg/Encoder': 'the field\n"}
[4.641921] (message_pkg) StderrLine: {'line': b"  name 'servoValue' is not valid'\n"}
[4.642700] (message_pkg) StderrLine: {'line': b'\n'}
[4.643431] (message_pkg) StderrLine: {'line': b'  Traceback (most recent call last):\n'}
[4.644169] (message_pkg) StderrLine: {'line': b'\n'}
[4.644884] (message_pkg) StderrLine: {'line': b'    File "/usr/lib/python3.6/runpy.py", line 193, in _run_module_as_main\n'}
[4.645605] (message_pkg) StderrLine: {'line': b'      "__main__", mod_spec)\n'}
[4.657762] (message_pkg) StderrLine: {'line': b'    File "/usr/lib/python3.6/runpy.py", line 85, in _run_code\n'}
[4.670241] (message_pkg) StderrLine: {'line': b'      exec(code, run_globals)\n'}
[4.671598] (message_pkg) StderrLine: {'line': b'    File "/opt/ros/dashing/lib/python3.6/site-packages/rosidl_adapter/__main__.py", line 19, in <module>\n'}
[4.672440] (message_pkg) StderrLine: {'line': b'      sys.exit(main())\n'}
[4.673178] (message_pkg) StderrLine: {'line': b'    File "/opt/ros/dashing/lib/python3.6/site-packages/rosidl_adapter/main.py", line 55, in main\n'}
[4.678225] (message_pkg) StderrLine: {'line': b'      pathlib.Path(relative_path), output_dir)\n'}
[4.679055] (message_pkg) StderrLine: {'line': b'    File "/opt/ros/dashing/lib/python3.6/site-packages/rosidl_adapter/__init__.py", line 20, in convert_to_idl\n'}
[4.679778] (message_pkg) StderrLine: {'line': b"      package_dir, package_name, interface_file, output_dir / 'msg')\n"}
[4.680476] (message_pkg) StderrLine: {'line': b'    File "/opt/ros/dashing/lib/python3.6/site-packages/rosidl_adapter/msg/__init__.py", line 28, in convert_msg_to_idl\n'}
[4.681192] (message_pkg) StderrLine: {'line': b'      msg = parse_message_string(package_name, input_file.stem, content)\n'}
[4.681975] (message_pkg) StderrLine: {'line': b'    File "/opt/ros/dashing/lib/python3.6/site-packages/rosidl_adapter/parser.py", line 505, in parse_message_string\n'}
[4.682697] (message_pkg) StderrLine: {'line': b'      field_name, default_value_string))\n'}
[4.683383] (message_pkg) StderrLine: {'line': b'    File "/opt/ros/dashing/lib/python3.6/site-packages/rosidl_adapter/parser.py", line 346, in __init__\n'}
[4.684073] (message_pkg) StderrLine: {'line': b'      raise NameError("the field name \'%s\' is not valid" % name)\n'}
[4.684770] (message_pkg) StderrLine: {'line': b'\n'}
[4.685535] (message_pkg) StderrLine: {'line': b"  NameError: the field name 'servoValue' is not valid\n"}
[4.696373] (message_pkg) StderrLine: {'line': b'\n'}
[4.697190] (message_pkg) StderrLine: {'line': b'Call Stack (most recent call first):\n'}
[4.698014] (message_pkg) StderrLine: {'line': b'  /opt/ros/dashing/share/rosidl_cmake/cmake/rosidl_generate_interfaces.cmake:130 (rosidl_adapt_interfaces)\n'}
[4.698746] (message_pkg) StderrLine: {'line': b'  CMakeLists.txt:41 (rosidl_generate_interfaces)\n'}
[4.699438] (message_pkg) StderrLine: {'line': b'\n'}
[4.700133] (message_pkg) StderrLine: {'line': b'\n'}
[4.700819] (message_pkg) StdoutLine: {'line': b'-- Configuring incomplete, errors occurred!\n'}
[4.701569] (message_pkg) StdoutLine: {'line': b'See also "/home/waverunner/Waverunner_Code/WaveRunner2021/dev_workspace/build/message_pkg/CMakeFiles/CMakeOutput.log".\n'}
[4.714815] (message_pkg) StdoutLine: {'line': b"Makefile:1832: recipe for target 'cmake_check_build_system' failed\n"}
[4.715734] (message_pkg) StderrLine: {'line': b'make: *** [cmake_check_build_system] Error 1\n'}
[4.716476] (-) TimerEvent: {}
[4.717258] (message_pkg) CommandEnded: {'returncode': 2}
[4.816696] (-) TimerEvent: {}
[4.922815] (-) TimerEvent: {}
[5.027295] (-) TimerEvent: {}
[5.131249] (-) TimerEvent: {}
[5.232132] (-) TimerEvent: {}
[5.343140] (-) TimerEvent: {}
[5.458387] (-) TimerEvent: {}
[5.470082] (message_pkg) JobEnded: {'identifier': 'message_pkg', 'rc': 2}
[5.484774] (waverunner_package) JobSkipped: {'identifier': 'waverunner_package'}
[5.485426] (-) EventReactorShutdown: {}
