[0.000000] (-) TimerEvent: {}
[0.002296] (message_pkg) JobQueued: {'identifier': 'message_pkg', 'dependencies': OrderedDict()}
[0.002627] (waverunner_package) JobQueued: {'identifier': 'waverunner_package', 'dependencies': OrderedDict([('message_pkg', '/home/waverunner/Waverunner_Code/WaveRunner2021/dev_workspace/install/message_pkg')])}
[0.002880] (message_pkg) JobStarted: {'identifier': 'message_pkg'}
[0.088079] (message_pkg) JobProgress: {'identifier': 'message_pkg', 'progress': 'cmake'}
[0.088576] (-) TimerEvent: {}
[0.094585] (message_pkg) JobProgress: {'identifier': 'message_pkg', 'progress': 'build'}
[0.100566] (message_pkg) Command: {'cmd': ['/usr/bin/cmake', '--build', '/home/waverunner/Waverunner_Code/WaveRunner2021/dev_workspace/build/message_pkg', '--', '-j2', '-l2'], 'cwd': '/home/waverunner/Waverunner_Code/WaveRunner2021/dev_workspace/build/message_pkg', 'env': OrderedDict([('LESSOPEN', '| /usr/bin/lesspipe %s'), ('MAIL', '/var/mail/waverunner'), ('USER', 'waverunner'), ('SSH_CLIENT', '192.168.0.107 56371 22'), ('LC_TIME', 'sv_SE.UTF-8'), ('OSPL_INFOFILE', '<stdout>'), ('GIT_ASKPASS', '/home/waverunner/.vscode-server-insiders/bin/b4816cfd1f4161a3bb272354d181a9947760ee26/extensions/git/dist/askpass.sh'), ('LD_LIBRARY_PATH', '/opt/ros/dashing/opt/yaml_cpp_vendor/lib:/opt/ros/dashing/opt/rviz_ogre_vendor/lib:/usr/lib:/opt/ros/dashing/lib'), ('BROWSER', '/home/waverunner/.vscode-server-insiders/bin/b4816cfd1f4161a3bb272354d181a9947760ee26/bin/helpers/browser.sh'), ('SHLVL', '4'), ('OLDPWD', '/home/waverunner/Waverunner_Code/WaveRunner2021'), ('OSPL_URI', 'file:///opt/ros/dashing/share/opensplice_cmake_module/config/ros_ospl.xml'), ('HOME', '/home/waverunner'), ('TERM_PROGRAM_VERSION', '1.56.0-insider'), ('VSCODE_IPC_HOOK_CLI', '/run/user/1000/vscode-ipc-0b02cd96-1d09-4c2b-81be-a34c8d0b6438.sock'), ('OSPL_VERBOSITY', '2'), ('VSCODE_GIT_ASKPASS_MAIN', '/home/waverunner/.vscode-server-insiders/bin/b4816cfd1f4161a3bb272354d181a9947760ee26/extensions/git/dist/askpass-main.js'), ('ROS_PYTHON_VERSION', '3'), ('LC_MONETARY', 'sv_SE.UTF-8'), ('VSCODE_GIT_ASKPASS_NODE', '/home/waverunner/.vscode-server-insiders/bin/b4816cfd1f4161a3bb272354d181a9947760ee26/node'), ('DBUS_SESSION_BUS_ADDRESS', 'unix:path=/run/user/1000/bus'), ('OSPL_TMPL_PATH', '/usr/etc/opensplice/idlpp'), ('COLORTERM', 'truecolor'), ('_colcon_cd_root', '/home/waverunner/ros2_install'), ('ROS_DISTRO', 'dashing'), ('LOGNAME', 'waverunner'), ('_', '/usr/bin/colcon'), ('ROS_VERSION', '2'), ('XDG_SESSION_ID', '16'), ('TERM', 'xterm-256color'), ('OSPL_ERRORFILE', '<stderr>'), ('PATH', '/home/waverunner/.vscode-server-insiders/bin/b4816cfd1f4161a3bb272354d181a9947760ee26/bin:/home/waverunner/.local/bin:/opt/ros/dashing/bin:/home/waverunner/.vscode-server-insiders/bin/b4816cfd1f4161a3bb272354d181a9947760ee26/bin:/usr/local/sbin:/usr/local/bin:/usr/sbin:/usr/bin:/sbin:/bin:/usr/games:/usr/local/games:/snap/bin'), ('LC_ADDRESS', 'sv_SE.UTF-8'), ('XDG_RUNTIME_DIR', '/run/user/1000'), ('LANG', 'en_US.UTF-8'), ('OSPL_HOME', '/usr'), ('LC_TELEPHONE', 'sv_SE.UTF-8'), ('LS_COLORS', 'rs=0:di=01;34:ln=01;36:mh=00:pi=40;33:so=01;35:do=01;35:bd=40;33;01:cd=40;33;01:or=40;31;01:mi=00:su=37;41:sg=30;43:ca=30;41:tw=30;42:ow=34;42:st=37;44:ex=01;32:*.tar=01;31:*.tgz=01;31:*.arc=01;31:*.arj=01;31:*.taz=01;31:*.lha=01;31:*.lz4=01;31:*.lzh=01;31:*.lzma=01;31:*.tlz=01;31:*.txz=01;31:*.tzo=01;31:*.t7z=01;31:*.zip=01;31:*.z=01;31:*.Z=01;31:*.dz=01;31:*.gz=01;31:*.lrz=01;31:*.lz=01;31:*.lzo=01;31:*.xz=01;31:*.zst=01;31:*.tzst=01;31:*.bz2=01;31:*.bz=01;31:*.tbz=01;31:*.tbz2=01;31:*.tz=01;31:*.deb=01;31:*.rpm=01;31:*.jar=01;31:*.war=01;31:*.ear=01;31:*.sar=01;31:*.rar=01;31:*.alz=01;31:*.ace=01;31:*.zoo=01;31:*.cpio=01;31:*.7z=01;31:*.rz=01;31:*.cab=01;31:*.wim=01;31:*.swm=01;31:*.dwm=01;31:*.esd=01;31:*.jpg=01;35:*.jpeg=01;35:*.mjpg=01;35:*.mjpeg=01;35:*.gif=01;35:*.bmp=01;35:*.pbm=01;35:*.pgm=01;35:*.ppm=01;35:*.tga=01;35:*.xbm=01;35:*.xpm=01;35:*.tif=01;35:*.tiff=01;35:*.png=01;35:*.svg=01;35:*.svgz=01;35:*.mng=01;35:*.pcx=01;35:*.mov=01;35:*.mpg=01;35:*.mpeg=01;35:*.m2v=01;35:*.mkv=01;35:*.webm=01;35:*.ogm=01;35:*.mp4=01;35:*.m4v=01;35:*.mp4v=01;35:*.vob=01;35:*.qt=01;35:*.nuv=01;35:*.wmv=01;35:*.asf=01;35:*.rm=01;35:*.rmvb=01;35:*.flc=01;35:*.avi=01;35:*.fli=01;35:*.flv=01;35:*.gl=01;35:*.dl=01;35:*.xcf=01;35:*.xwd=01;35:*.yuv=01;35:*.cgm=01;35:*.emf=01;35:*.ogv=01;35:*.ogx=01;35:*.aac=00;36:*.au=00;36:*.flac=00;36:*.m4a=00;36:*.mid=00;36:*.midi=00;36:*.mka=00;36:*.mp3=00;36:*.mpc=00;36:*.ogg=00;36:*.ra=00;36:*.wav=00;36:*.oga=00;36:*.opus=00;36:*.spx=00;36:*.xspf=00;36:'), ('TERM_PROGRAM', 'vscode'), ('VSCODE_GIT_IPC_HANDLE', '/run/user/1000/vscode-git-4a53c42ffe.sock'), ('AMENT_PREFIX_PATH', '/opt/ros/dashing'), ('ROS_DOMAIN_ID', '0'), ('LC_NAME', 'sv_SE.UTF-8'), ('SHELL', '/bin/bash'), ('LESSCLOSE', '/usr/bin/lesspipe %s %s'), ('LC_MEASUREMENT', 'sv_SE.UTF-8'), ('LC_IDENTIFICATION', 'sv_SE.UTF-8'), ('LC_ALL', 'en_US.UTF-8'), ('PWD', '/home/waverunner/Waverunner_Code/WaveRunner2021/dev_workspace/build/message_pkg'), ('SSH_CONNECTION', '192.168.0.107 56371 192.168.0.115 22'), ('XDG_DATA_DIRS', '/usr/local/share:/usr/share:/var/lib/snapd/desktop'), ('LC_NUMERIC', 'sv_SE.UTF-8'), ('PYTHONPATH', '/opt/ros/dashing/lib/python3.6/site-packages'), ('LC_PAPER', 'sv_SE.UTF-8'), ('COLCON', '1'), ('CMAKE_PREFIX_PATH', '/opt/ros/dashing')]), 'shell': False}
[0.188901] (-) TimerEvent: {}
[0.293251] (-) TimerEvent: {}
[0.297476] (message_pkg) StdoutLine: {'line': b'-- Found ament_cmake: 0.7.6 (/opt/ros/dashing/share/ament_cmake/cmake)\n'}
[0.393442] (-) TimerEvent: {}
[0.467774] (message_pkg) StdoutLine: {'line': b'-- Found PythonInterp: /usr/bin/python3 (found suitable version "3.6.9", minimum required is "3") \n'}
[0.470088] (message_pkg) StdoutLine: {'line': b'-- Using PYTHON_EXECUTABLE: /usr/bin/python3\n'}
[0.493725] (-) TimerEvent: {}
[0.599151] (-) TimerEvent: {}
[0.700956] (-) TimerEvent: {}
[0.807067] (-) TimerEvent: {}
[0.909013] (-) TimerEvent: {}
[1.010006] (-) TimerEvent: {}
[1.112140] (-) TimerEvent: {}
[1.214307] (-) TimerEvent: {}
[1.319458] (-) TimerEvent: {}
[1.424386] (-) TimerEvent: {}
[1.529374] (-) TimerEvent: {}
[1.634934] (-) TimerEvent: {}
[1.739603] (-) TimerEvent: {}
[1.843116] (-) TimerEvent: {}
[1.948041] (-) TimerEvent: {}
[2.051910] (-) TimerEvent: {}
[2.165608] (-) TimerEvent: {}
[2.182439] (message_pkg) StdoutLine: {'line': b'-- Found ament_lint_auto: 0.7.12 (/opt/ros/dashing/share/ament_lint_auto/cmake)\n'}
[2.265794] (-) TimerEvent: {}
[2.367899] (-) TimerEvent: {}
[2.469642] (-) TimerEvent: {}
[2.571793] (-) TimerEvent: {}
[2.640888] (message_pkg) StdoutLine: {'line': b'-- Found rosidl_default_generators: 0.7.0 (/opt/ros/dashing/share/rosidl_default_generators/cmake)\n'}
[2.672015] (-) TimerEvent: {}
[2.775959] (-) TimerEvent: {}
[2.877695] (-) TimerEvent: {}
[2.982476] (-) TimerEvent: {}
[3.087254] (-) TimerEvent: {}
[3.118419] (message_pkg) StdoutLine: {'line': b'-- Found rosidl_adapter: 0.7.10 (/opt/ros/dashing/share/rosidl_adapter/cmake)\n'}
[3.187468] (-) TimerEvent: {}
[3.289673] (-) TimerEvent: {}
[3.395002] (-) TimerEvent: {}
[3.499967] (-) TimerEvent: {}
[3.536889] (message_pkg) StdoutLine: {'line': b'-- Found PrismTech OpenSplice: /usr/share/opensplice/cmake\n'}
[3.600288] (-) TimerEvent: {}
[3.705873] (-) TimerEvent: {}
[3.807986] (-) TimerEvent: {}
[3.892024] (message_pkg) StdoutLine: {'line': b'-- Found PythonInterp: /usr/bin/python3 (found version "3.6.9") \n'}
[3.908195] (-) TimerEvent: {}
[4.011921] (-) TimerEvent: {}
[4.113726] (-) TimerEvent: {}
[4.216868] (-) TimerEvent: {}
[4.318998] (-) TimerEvent: {}
[4.422096] (-) TimerEvent: {}
[4.523867] (-) TimerEvent: {}
[4.626079] (-) TimerEvent: {}
[4.727802] (-) TimerEvent: {}
[4.776710] (message_pkg) StderrLine: {'line': b'CMake Error at /opt/ros/dashing/share/rosidl_adapter/cmake/rosidl_adapt_interfaces.cmake:60 (message):\n'}
[4.780483] (message_pkg) StderrLine: {'line': b'  execute_process(/usr/bin/python3 -m rosidl_adapter --package-name\n'}
[4.781351] (message_pkg) StderrLine: {'line': b'  message_pkg --arguments-file\n'}
[4.782039] (message_pkg) StderrLine: {'line': b'  /home/waverunner/Waverunner_Code/WaveRunner2021/dev_workspace/build/message_pkg/rosidl_adapter__arguments__message_pkg.json\n'}
[4.782755] (message_pkg) StderrLine: {'line': b'  --output-dir\n'}
[4.783421] (message_pkg) StderrLine: {'line': b'  /home/waverunner/Waverunner_Code/WaveRunner2021/dev_workspace/build/message_pkg/rosidl_adapter/message_pkg\n'}
[4.784096] (message_pkg) StderrLine: {'line': b'  --output-file\n'}
[4.784844] (message_pkg) StderrLine: {'line': b'  /home/waverunner/Waverunner_Code/WaveRunner2021/dev_workspace/build/message_pkg/rosidl_adapter/message_pkg.idls)\n'}
[4.785519] (message_pkg) StderrLine: {'line': b'  returned error code 1:\n'}
[4.786206] (message_pkg) StderrLine: {'line': b'\n'}
[4.786895] (message_pkg) StderrLine: {'line': b"  Error processing 'int64[] servoValue' of 'message_pkg/Encoder': 'the field\n"}
[4.799119] (message_pkg) StderrLine: {'line': b"  name 'servoValue' is not valid'\n"}
[4.799942] (message_pkg) StderrLine: {'line': b'\n'}
[4.800756] (message_pkg) StderrLine: {'line': b'  Traceback (most recent call last):\n'}
[4.801485] (message_pkg) StderrLine: {'line': b'\n'}
[4.802201] (message_pkg) StderrLine: {'line': b'    File "/usr/lib/python3.6/runpy.py", line 193, in _run_module_as_main\n'}
[4.802947] (message_pkg) StderrLine: {'line': b'      "__main__", mod_spec)\n'}
[4.803694] (message_pkg) StderrLine: {'line': b'    File "/usr/lib/python3.6/runpy.py", line 85, in _run_code\n'}
[4.822425] (message_pkg) StderrLine: {'line': b'      exec(code, run_globals)\n'}
[4.824591] (message_pkg) StderrLine: {'line': b'    File "/opt/ros/dashing/lib/python3.6/site-packages/rosidl_adapter/__main__.py", line 19, in <module>\n'}
[4.825419] (message_pkg) StderrLine: {'line': b'      sys.exit(main())\n'}
[4.826214] (message_pkg) StderrLine: {'line': b'    File "/opt/ros/dashing/lib/python3.6/site-packages/rosidl_adapter/main.py", line 55, in main\n'}
[4.826997] (message_pkg) StderrLine: {'line': b'      pathlib.Path(relative_path), output_dir)\n'}
[4.827693] (message_pkg) StderrLine: {'line': b'    File "/opt/ros/dashing/lib/python3.6/site-packages/rosidl_adapter/__init__.py", line 20, in convert_to_idl\n'}
[4.832646] (-) TimerEvent: {}
[4.833574] (message_pkg) StderrLine: {'line': b"      package_dir, package_name, interface_file, output_dir / 'msg')\n"}
[4.834498] (message_pkg) StderrLine: {'line': b'    File "/opt/ros/dashing/lib/python3.6/site-packages/rosidl_adapter/msg/__init__.py", line 28, in convert_msg_to_idl\n'}
[4.835373] (message_pkg) StderrLine: {'line': b'      msg = parse_message_string(package_name, input_file.stem, content)\n'}
[4.836190] (message_pkg) StderrLine: {'line': b'    File "/opt/ros/dashing/lib/python3.6/site-packages/rosidl_adapter/parser.py", line 505, in parse_message_string\n'}
[4.837171] (message_pkg) StderrLine: {'line': b'      field_name, default_value_string))\n'}
[4.838175] (message_pkg) StderrLine: {'line': b'    File "/opt/ros/dashing/lib/python3.6/site-packages/rosidl_adapter/parser.py", line 346, in __init__\n'}
[4.838921] (message_pkg) StderrLine: {'line': b'      raise NameError("the field name \'%s\' is not valid" % name)\n'}
[4.839709] (message_pkg) StderrLine: {'line': b'\n'}
[4.851784] (message_pkg) StderrLine: {'line': b"  NameError: the field name 'servoValue' is not valid\n"}
[4.852671] (message_pkg) StderrLine: {'line': b'\n'}
[4.853401] (message_pkg) StderrLine: {'line': b'Call Stack (most recent call first):\n'}
[4.854088] (message_pkg) StderrLine: {'line': b'  /opt/ros/dashing/share/rosidl_cmake/cmake/rosidl_generate_interfaces.cmake:130 (rosidl_adapt_interfaces)\n'}
[4.854782] (message_pkg) StderrLine: {'line': b'  CMakeLists.txt:41 (rosidl_generate_interfaces)\n'}
[4.855524] (message_pkg) StderrLine: {'line': b'\n'}
[4.864443] (message_pkg) StderrLine: {'line': b'\n'}
[4.865457] (message_pkg) StdoutLine: {'line': b'-- Configuring incomplete, errors occurred!\n'}
[4.866252] (message_pkg) StdoutLine: {'line': b'See also "/home/waverunner/Waverunner_Code/WaveRunner2021/dev_workspace/build/message_pkg/CMakeFiles/CMakeOutput.log".\n'}
[4.866968] (message_pkg) StderrLine: {'line': b'make: *** [cmake_check_build_system] Error 1\n'}
[4.867741] (message_pkg) StdoutLine: {'line': b"Makefile:1832: recipe for target 'cmake_check_build_system' failed\n"}
[4.868583] (message_pkg) CommandEnded: {'returncode': 2}
[4.932870] (-) TimerEvent: {}
[5.033846] (-) TimerEvent: {}
[5.139971] (-) TimerEvent: {}
[5.246175] (-) TimerEvent: {}
[5.351095] (-) TimerEvent: {}
[5.455407] (-) TimerEvent: {}
[5.566067] (-) TimerEvent: {}
[5.672776] (-) TimerEvent: {}
[5.679402] (message_pkg) JobEnded: {'identifier': 'message_pkg', 'rc': 2}
[5.696670] (waverunner_package) JobSkipped: {'identifier': 'waverunner_package'}
[5.696999] (-) EventReactorShutdown: {}
