[0.230s] Invoking command in '/home/waverunner/Waverunner_Code/WaveRunner2021/build/message_pkg': CMAKE_PREFIX_PATH=/opt/ros/dashing /usr/bin/cmake /home/waverunner/Waverunner_Code/WaveRunner2021/dev_workspace/src/message_pkg -DCMAKE_INSTALL_PREFIX=/home/waverunner/Waverunner_Code/WaveRunner2021/install/message_pkg
[1.577s] -- The C compiler identification is GNU 7.5.0
[2.391s] -- The CXX compiler identification is GNU 7.5.0
[2.459s] -- Check for working C compiler: /usr/bin/cc
[3.609s] -- Check for working C compiler: /usr/bin/cc -- works
[3.632s] -- Detecting C compiler ABI info
[4.551s] -- Detecting C compiler ABI info - done
[4.648s] -- Detecting C compile features
[7.913s] -- Detecting C compile features - done
[7.938s] -- Check for working CXX compiler: /usr/bin/c++
[9.047s] -- Check for working CXX compiler: /usr/bin/c++ -- works
[9.053s] -- Detecting CXX compiler ABI info
[10.305s] -- Detecting CXX compiler ABI info - done
[10.413s] -- Detecting CXX compile features
[15.648s] -- Detecting CXX compile features - done
[15.706s] -- Found ament_cmake: 0.7.6 (/opt/ros/dashing/share/ament_cmake/cmake)
[16.240s] -- Found PythonInterp: /usr/bin/python3 (found suitable version "3.6.9", minimum required is "3") 
[16.241s] -- Using PYTHON_EXECUTABLE: /usr/bin/python3
[20.100s] -- Found ament_lint_auto: 0.7.12 (/opt/ros/dashing/share/ament_lint_auto/cmake)
[21.375s] -- Found rosidl_default_generators: 0.7.0 (/opt/ros/dashing/share/rosidl_default_generators/cmake)
[22.747s] -- Found OpenSSL: /usr/lib/aarch64-linux-gnu/libcrypto.so (found version "1.1.1") 
[23.115s] -- Found FastRTPS: /opt/ros/dashing/include  
[23.343s] -- Found rosidl_adapter: 0.7.10 (/opt/ros/dashing/share/rosidl_adapter/cmake)
[24.555s] -- Found PrismTech OpenSplice: /usr/share/opensplice/cmake
[25.498s] -- Found PythonInterp: /usr/bin/python3 (found version "3.6.9") 
[27.049s] -- Using all available rosidl_typesupport_c: rosidl_typesupport_fastrtps_c;rosidl_typesupport_introspection_c;rosidl_typesupport_opensplice_c
[27.275s] -- Using all available rosidl_typesupport_cpp: rosidl_typesupport_fastrtps_cpp;rosidl_typesupport_introspection_cpp;rosidl_typesupport_opensplice_cpp
[29.218s] -- Found rmw_implementation_cmake: 0.7.2 (/opt/ros/dashing/share/rmw_implementation_cmake/cmake)
[29.711s] -- Found PythonInterp: /usr/bin/python3 (found suitable version "3.6.9", minimum required is "3.5") 
[29.739s] -- Found python_cmake_module: 0.7.11 (/opt/ros/dashing/share/python_cmake_module/cmake)
[30.267s] -- Found PythonLibs: /usr/lib/aarch64-linux-gnu/libpython3.6m.so (found suitable version "3.6.9", minimum required is "3.5") 
[30.278s] -- Using PYTHON_EXECUTABLE: /usr/bin/python3
[30.279s] -- Using PYTHON_INCLUDE_DIRS: /usr/include/python3.6m
[30.291s] -- Using PYTHON_LIBRARIES: /usr/lib/aarch64-linux-gnu/libpython3.6m.so
[30.639s] -- Found PythonExtra: .so  
[33.439s] -- Added test 'lint_cmake' to check CMake code style
[33.455s] -- Added test 'xmllint' to check XML markup files
[33.551s] -- Configuring done
[34.964s] -- Generating done
[35.050s] -- Build files have been written to: /home/waverunner/Waverunner_Code/WaveRunner2021/build/message_pkg
[35.148s] Invoked command in '/home/waverunner/Waverunner_Code/WaveRunner2021/build/message_pkg' returned '0': CMAKE_PREFIX_PATH=/opt/ros/dashing /usr/bin/cmake /home/waverunner/Waverunner_Code/WaveRunner2021/dev_workspace/src/message_pkg -DCMAKE_INSTALL_PREFIX=/home/waverunner/Waverunner_Code/WaveRunner2021/install/message_pkg
[35.188s] Invoking command in '/home/waverunner/Waverunner_Code/WaveRunner2021/build/message_pkg': CMAKE_PREFIX_PATH=/opt/ros/dashing /usr/bin/cmake --build /home/waverunner/Waverunner_Code/WaveRunner2021/build/message_pkg -- -j2 -l2
[36.193s] [  1%] [34m[1mGenerating C code for ROS interfaces[0m
[39.840s] Traceback (most recent call last):
[39.841s]   File "/opt/ros/dashing/share/rosidl_generator_c/cmake/../../../lib/rosidl_generator_c/rosidl_generator_c", line 40, in <module>
[39.846s]     sys.exit(main())
[39.850s]   File "/opt/ros/dashing/share/rosidl_generator_c/cmake/../../../lib/rosidl_generator_c/rosidl_generator_c", line 35, in main
[39.852s]     args.generator_arguments_file,
[39.855s]   File "/opt/ros/dashing/lib/python3.6/site-packages/rosidl_generator_c/__init__.py", line 37, in generate_c
[39.856s]     generate_files(generator_arguments_file, mapping)
[39.863s]   File "/opt/ros/dashing/lib/python3.6/site-packages/rosidl_cmake/__init__.py", line 70, in generate_files
[39.870s]     idl_file = parse_idl_file(locator)
[39.878s]   File "/opt/ros/dashing/lib/python3.6/site-packages/rosidl_parser/parser.py", line 64, in parse_idl_file
[39.879s]     content = parse_idl_string(string, png_file=png_file)
[39.880s]   File "/opt/ros/dashing/lib/python3.6/site-packages/rosidl_parser/parser.py", line 72, in parse_idl_string
[39.880s]     tree = get_ast_from_idl_string(idl_string)
[39.881s]   File "/opt/ros/dashing/lib/python3.6/site-packages/rosidl_parser/parser.py", line 88, in get_ast_from_idl_string
[39.935s]     _parser = Lark(grammar, start='specification')
[39.936s]   File "/usr/lib/python3/dist-packages/lark/lark.py", line 203, in __init__
[39.946s]     self.grammar = load_grammar(grammar, self.source)
[39.948s]   File "/usr/lib/python3/dist-packages/lark/load_grammar.py", line 703, in load_grammar
[40.008s]     tree = self.canonize_tree.transform( self.parser.parse(grammar_text+'\n') )
[40.008s]   File "/usr/lib/python3/dist-packages/lark/visitors.py", line 122, in transform
[40.009s]     for subtree in tree.iter_subtrees():
[40.010s]   File "/usr/lib/python3/dist-packages/lark/tree.py", line 103, in iter_subtrees
[40.023s]     seen.add(id(x))
[40.024s] KeyboardInterrupt
[40.195s] CMakeFiles/message_pkg__rosidl_generator_c.dir/build.make:76: recipe for target 'rosidl_generator_c/message_pkg/msg/num.h' failed
[40.198s] make[2]: *** [rosidl_generator_c/message_pkg/msg/num.h] Error 1
[40.204s] CMakeFiles/Makefile2:67: recipe for target 'CMakeFiles/message_pkg__rosidl_generator_c.dir/all' failed
[40.205s] make[1]: *** [CMakeFiles/message_pkg__rosidl_generator_c.dir/all] Interrupt
[40.207s] Makefile:140: recipe for target 'all' failed
[40.211s] make: *** [all] Interrupt
[40.237s] Invoked command in '/home/waverunner/Waverunner_Code/WaveRunner2021/build/message_pkg' returned '-2': CMAKE_PREFIX_PATH=/opt/ros/dashing /usr/bin/cmake --build /home/waverunner/Waverunner_Code/WaveRunner2021/build/message_pkg -- -j2 -l2
