[0.099s] Invoking command in '/home/waverunner/Waverunner_Code/WaveRunner2021/dev_workspace/build/message_pkg': CMAKE_PREFIX_PATH=/opt/ros/dashing /usr/bin/cmake --build /home/waverunner/Waverunner_Code/WaveRunner2021/dev_workspace/build/message_pkg -- -j2 -l2
[0.284s] -- Found ament_cmake: 0.7.6 (/opt/ros/dashing/share/ament_cmake/cmake)
[0.448s] -- Found PythonInterp: /usr/bin/python3 (found suitable version "3.6.9", minimum required is "3") 
[0.451s] -- Using PYTHON_EXECUTABLE: /usr/bin/python3
[2.156s] -- Found ament_lint_auto: 0.7.12 (/opt/ros/dashing/share/ament_lint_auto/cmake)
[2.607s] -- Found rosidl_default_generators: 0.7.0 (/opt/ros/dashing/share/rosidl_default_generators/cmake)
[3.064s] -- Found rosidl_adapter: 0.7.10 (/opt/ros/dashing/share/rosidl_adapter/cmake)
[3.473s] -- Found PrismTech OpenSplice: /usr/share/opensplice/cmake
[3.816s] -- Found PythonInterp: /usr/bin/python3 (found version "3.6.9") 
[4.752s] CMake Error at /opt/ros/dashing/share/rosidl_adapter/cmake/rosidl_adapt_interfaces.cmake:60 (message):
[4.752s]   execute_process(/usr/bin/python3 -m rosidl_adapter --package-name
[4.753s]   message_pkg --arguments-file
[4.755s]   /home/waverunner/Waverunner_Code/WaveRunner2021/dev_workspace/build/message_pkg/rosidl_adapter__arguments__message_pkg.json
[4.756s]   --output-dir
[4.757s]   /home/waverunner/Waverunner_Code/WaveRunner2021/dev_workspace/build/message_pkg/rosidl_adapter/message_pkg
[4.757s]   --output-file
[4.758s]   /home/waverunner/Waverunner_Code/WaveRunner2021/dev_workspace/build/message_pkg/rosidl_adapter/message_pkg.idls)
[4.759s]   returned error code 1:
[4.760s] 
[4.760s]   Error processing 'float[4] motorvalue' of 'message_pkg/MotorValues':
[4.761s]   'float'
[4.770s] 
[4.771s]   Traceback (most recent call last):
[4.771s] 
[4.777s]     File "/usr/lib/python3.6/runpy.py", line 193, in _run_module_as_main
[4.778s]       "__main__", mod_spec)
[4.780s]     File "/usr/lib/python3.6/runpy.py", line 85, in _run_code
[4.781s]       exec(code, run_globals)
[4.781s]     File "/opt/ros/dashing/lib/python3.6/site-packages/rosidl_adapter/__main__.py", line 19, in <module>
[4.782s]       sys.exit(main())
[4.783s]     File "/opt/ros/dashing/lib/python3.6/site-packages/rosidl_adapter/main.py", line 55, in main
[4.795s]       pathlib.Path(relative_path), output_dir)
[4.798s]     File "/opt/ros/dashing/lib/python3.6/site-packages/rosidl_adapter/__init__.py", line 20, in convert_to_idl
[4.801s]       package_dir, package_name, interface_file, output_dir / 'msg')
[4.806s]     File "/opt/ros/dashing/lib/python3.6/site-packages/rosidl_adapter/msg/__init__.py", line 28, in convert_msg_to_idl
[4.809s]       msg = parse_message_string(package_name, input_file.stem, content)
[4.810s]     File "/opt/ros/dashing/lib/python3.6/site-packages/rosidl_adapter/parser.py", line 504, in parse_message_string
[4.811s]       Type(type_string, context_package_name=pkg_name),
[4.812s]     File "/opt/ros/dashing/lib/python3.6/site-packages/rosidl_adapter/parser.py", line 273, in __init__
[4.815s]       context_package_name=context_package_name)
[4.816s]     File "/opt/ros/dashing/lib/python3.6/site-packages/rosidl_adapter/parser.py", line 202, in __init__
[4.817s]       raise InvalidResourceName(self.type)
[4.817s] 
[4.818s]   rosidl_adapter.parser.InvalidResourceName: float
[4.819s] 
[4.820s] Call Stack (most recent call first):
[4.821s]   /opt/ros/dashing/share/rosidl_cmake/cmake/rosidl_generate_interfaces.cmake:130 (rosidl_adapt_interfaces)
[4.821s]   CMakeLists.txt:41 (rosidl_generate_interfaces)
[4.834s] 
[4.835s] 
[4.836s] -- Configuring incomplete, errors occurred!
[4.837s] See also "/home/waverunner/Waverunner_Code/WaveRunner2021/dev_workspace/build/message_pkg/CMakeFiles/CMakeOutput.log".
[4.838s] make: *** [cmake_check_build_system] Error 1
[4.846s] Makefile:2696: recipe for target 'cmake_check_build_system' failed
[4.848s] Invoked command in '/home/waverunner/Waverunner_Code/WaveRunner2021/dev_workspace/build/message_pkg' returned '2': CMAKE_PREFIX_PATH=/opt/ros/dashing /usr/bin/cmake --build /home/waverunner/Waverunner_Code/WaveRunner2021/dev_workspace/build/message_pkg -- -j2 -l2
