[0.098s] Invoking command in '/home/waverunner/Waverunner_Code/WaveRunner2021/dev_workspace/build/message_pkg': CMAKE_PREFIX_PATH=/opt/ros/dashing /usr/bin/cmake --build /home/waverunner/Waverunner_Code/WaveRunner2021/dev_workspace/build/message_pkg -- -j2 -l2
[0.272s] -- Found ament_cmake: 0.7.6 (/opt/ros/dashing/share/ament_cmake/cmake)
[0.443s] -- Found PythonInterp: /usr/bin/python3 (found suitable version "3.6.9", minimum required is "3") 
[0.447s] -- Using PYTHON_EXECUTABLE: /usr/bin/python3
[2.127s] -- Found ament_lint_auto: 0.7.12 (/opt/ros/dashing/share/ament_lint_auto/cmake)
[2.564s] -- Found rosidl_default_generators: 0.7.0 (/opt/ros/dashing/share/rosidl_default_generators/cmake)
[3.008s] -- Found rosidl_adapter: 0.7.10 (/opt/ros/dashing/share/rosidl_adapter/cmake)
[3.409s] -- Found PrismTech OpenSplice: /usr/share/opensplice/cmake
[3.746s] -- Found PythonInterp: /usr/bin/python3 (found version "3.6.9") 
[4.621s] CMake Error at /opt/ros/dashing/share/rosidl_adapter/cmake/rosidl_adapt_interfaces.cmake:60 (message):
[4.622s]   execute_process(/usr/bin/python3 -m rosidl_adapter --package-name
[4.622s]   message_pkg --arguments-file
[4.623s]   /home/waverunner/Waverunner_Code/WaveRunner2021/dev_workspace/build/message_pkg/rosidl_adapter__arguments__message_pkg.json
[4.627s]   --output-dir
[4.628s]   /home/waverunner/Waverunner_Code/WaveRunner2021/dev_workspace/build/message_pkg/rosidl_adapter/message_pkg
[4.632s]   --output-file
[4.633s]   /home/waverunner/Waverunner_Code/WaveRunner2021/dev_workspace/build/message_pkg/rosidl_adapter/message_pkg.idls)
[4.634s]   returned error code 1:
[4.634s] 
[4.635s]   Error processing 'int64[] servoValue' of 'message_pkg/Encoder': 'the field
[4.636s]   name 'servoValue' is not valid'
[4.637s] 
[4.637s]   Traceback (most recent call last):
[4.638s] 
[4.639s]     File "/usr/lib/python3.6/runpy.py", line 193, in _run_module_as_main
[4.651s]       "__main__", mod_spec)
[4.662s]     File "/usr/lib/python3.6/runpy.py", line 85, in _run_code
[4.665s]       exec(code, run_globals)
[4.666s]     File "/opt/ros/dashing/lib/python3.6/site-packages/rosidl_adapter/__main__.py", line 19, in <module>
[4.666s]       sys.exit(main())
[4.671s]     File "/opt/ros/dashing/lib/python3.6/site-packages/rosidl_adapter/main.py", line 55, in main
[4.672s]       pathlib.Path(relative_path), output_dir)
[4.673s]     File "/opt/ros/dashing/lib/python3.6/site-packages/rosidl_adapter/__init__.py", line 20, in convert_to_idl
[4.674s]       package_dir, package_name, interface_file, output_dir / 'msg')
[4.674s]     File "/opt/ros/dashing/lib/python3.6/site-packages/rosidl_adapter/msg/__init__.py", line 28, in convert_msg_to_idl
[4.675s]       msg = parse_message_string(package_name, input_file.stem, content)
[4.676s]     File "/opt/ros/dashing/lib/python3.6/site-packages/rosidl_adapter/parser.py", line 505, in parse_message_string
[4.677s]       field_name, default_value_string))
[4.677s]     File "/opt/ros/dashing/lib/python3.6/site-packages/rosidl_adapter/parser.py", line 346, in __init__
[4.678s]       raise NameError("the field name '%s' is not valid" % name)
[4.679s] 
[4.690s]   NameError: the field name 'servoValue' is not valid
[4.690s] 
[4.691s] Call Stack (most recent call first):
[4.692s]   /opt/ros/dashing/share/rosidl_cmake/cmake/rosidl_generate_interfaces.cmake:130 (rosidl_adapt_interfaces)
[4.693s]   CMakeLists.txt:41 (rosidl_generate_interfaces)
[4.693s] 
[4.694s] 
[4.695s] -- Configuring incomplete, errors occurred!
[4.708s] See also "/home/waverunner/Waverunner_Code/WaveRunner2021/dev_workspace/build/message_pkg/CMakeFiles/CMakeOutput.log".
[4.709s] Makefile:1832: recipe for target 'cmake_check_build_system' failed
[4.710s] make: *** [cmake_check_build_system] Error 1
[4.712s] Invoked command in '/home/waverunner/Waverunner_Code/WaveRunner2021/dev_workspace/build/message_pkg' returned '2': CMAKE_PREFIX_PATH=/opt/ros/dashing /usr/bin/cmake --build /home/waverunner/Waverunner_Code/WaveRunner2021/dev_workspace/build/message_pkg -- -j2 -l2
