[0.135s] Invoking command in '/home/waverunner/Waverunner_Code/WaveRunner2021/dev_workspace/build/message_pkg': CMAKE_PREFIX_PATH=/home/waverunner/Waverunner_Code/WaveRunner2021/dev_workspace/install/waverunner_package:/opt/ros/dashing /usr/bin/cmake --build /home/waverunner/Waverunner_Code/WaveRunner2021/dev_workspace/build/message_pkg -- -j2 -l2
[0.316s] -- Found ament_cmake: 0.7.6 (/opt/ros/dashing/share/ament_cmake/cmake)
[0.490s] -- Found PythonInterp: /usr/bin/python3 (found suitable version "3.6.9", minimum required is "3") 
[0.492s] -- Using PYTHON_EXECUTABLE: /usr/bin/python3
[2.517s] -- Found ament_lint_auto: 0.7.12 (/opt/ros/dashing/share/ament_lint_auto/cmake)
[3.264s] -- Found rosidl_default_generators: 0.7.0 (/opt/ros/dashing/share/rosidl_default_generators/cmake)
[3.716s] -- Found rosidl_adapter: 0.7.10 (/opt/ros/dashing/share/rosidl_adapter/cmake)
[4.121s] -- Found PrismTech OpenSplice: /usr/share/opensplice/cmake
[4.459s] -- Found PythonInterp: /usr/bin/python3 (found version "3.6.9") 
[5.352s] CMake Error at /opt/ros/dashing/share/rosidl_adapter/cmake/rosidl_adapt_interfaces.cmake:60 (message):
[5.356s]   execute_process(/usr/bin/python3 -m rosidl_adapter --package-name
[5.357s]   message_pkg --arguments-file
[5.360s]   /home/waverunner/Waverunner_Code/WaveRunner2021/dev_workspace/build/message_pkg/rosidl_adapter__arguments__message_pkg.json
[5.361s]   --output-dir
[5.361s]   /home/waverunner/Waverunner_Code/WaveRunner2021/dev_workspace/build/message_pkg/rosidl_adapter/message_pkg
[5.362s]   --output-file
[5.363s]   /home/waverunner/Waverunner_Code/WaveRunner2021/dev_workspace/build/message_pkg/rosidl_adapter/message_pkg.idls)
[5.364s]   returned error code 1:
[5.364s] 
[5.375s]   Error processing 'int64 FL' of 'message_pkg/Encoder': 'the field name 'FL'
[5.376s]   is not valid'
[5.377s] 
[5.381s]   Traceback (most recent call last):
[5.382s] 
[5.382s]     File "/usr/lib/python3.6/runpy.py", line 193, in _run_module_as_main
[5.383s]       "__main__", mod_spec)
[5.384s]     File "/usr/lib/python3.6/runpy.py", line 85, in _run_code
[5.385s]       exec(code, run_globals)
[5.385s]     File "/opt/ros/dashing/lib/python3.6/site-packages/rosidl_adapter/__main__.py", line 19, in <module>
[5.402s]       sys.exit(main())
[5.403s]     File "/opt/ros/dashing/lib/python3.6/site-packages/rosidl_adapter/main.py", line 55, in main
[5.404s]       pathlib.Path(relative_path), output_dir)
[5.405s]     File "/opt/ros/dashing/lib/python3.6/site-packages/rosidl_adapter/__init__.py", line 20, in convert_to_idl
[5.405s]       package_dir, package_name, interface_file, output_dir / 'msg')
[5.407s]     File "/opt/ros/dashing/lib/python3.6/site-packages/rosidl_adapter/msg/__init__.py", line 28, in convert_msg_to_idl
[5.408s]       msg = parse_message_string(package_name, input_file.stem, content)
[5.409s]     File "/opt/ros/dashing/lib/python3.6/site-packages/rosidl_adapter/parser.py", line 505, in parse_message_string
[5.410s]       field_name, default_value_string))
[5.411s]     File "/opt/ros/dashing/lib/python3.6/site-packages/rosidl_adapter/parser.py", line 346, in __init__
[5.411s]       raise NameError("the field name '%s' is not valid" % name)
[5.412s] 
[5.416s]   NameError: the field name 'FL' is not valid
[5.417s] 
[5.418s] Call Stack (most recent call first):
[5.419s]   /opt/ros/dashing/share/rosidl_cmake/cmake/rosidl_generate_interfaces.cmake:130 (rosidl_adapt_interfaces)
[5.420s]   CMakeLists.txt:41 (rosidl_generate_interfaces)
[5.421s] 
[5.422s] 
[5.423s] -- Configuring incomplete, errors occurred!
[5.424s] See also "/home/waverunner/Waverunner_Code/WaveRunner2021/dev_workspace/build/message_pkg/CMakeFiles/CMakeOutput.log".
[5.425s] Makefile:1400: recipe for target 'cmake_check_build_system' failed
[5.425s] make: *** [cmake_check_build_system] Error 1
[5.427s] Invoked command in '/home/waverunner/Waverunner_Code/WaveRunner2021/dev_workspace/build/message_pkg' returned '2': CMAKE_PREFIX_PATH=/home/waverunner/Waverunner_Code/WaveRunner2021/dev_workspace/install/waverunner_package:/opt/ros/dashing /usr/bin/cmake --build /home/waverunner/Waverunner_Code/WaveRunner2021/dev_workspace/build/message_pkg -- -j2 -l2
